<?xml version="1.0" encoding="utf-8"?>
<log version="1.0" tool="runtool">

<msg id="1" tool="runtool">
  <type>log-start</type>
  <arg>2010/04/10 20:59:28</arg>
</msg>
<msg id="2" tool="runtool">
  <type>mc-starts</type>
</msg>
<msg id="3" tool="runtool">
  <type>marker-file</type>
  <arg>C:\Users\Ben\Desktop\oogeG\ooge\My Inspector Results\r002mi3\r002mi3.insp</arg>
</msg>
<msg id="4" tool="mc">
  <type>2001</type>
  <arg>c:\Users\Ben\Desktop\oogeG\bin\ooge_D.exe</arg>
  <arg>5884</arg>
  <arg>C:\Users\Ben\Desktop\oogeG\ooge\My Inspector Results\r002mi3\data.0\mc_ooge_D_5884.pdr</arg>
  <description>Analysis started for c:\Users\Ben\Desktop\oogeG\bin\ooge_D.exe, pid = 5884, status file = C:\Users\Ben\Desktop\oogeG\ooge\My Inspector Results\r002mi3\data.0\mc_ooge_D_5884.pdr</description>
  <severity>2</severity>
</msg>
<msg id="5" tool="mc">
  <type>2002</type>
  <arg>C:\Windows\system32\OpenAL32.dll</arg>
  <arg>0x000b0000</arg>
  <arg>0x000c8fff</arg>
  <description>Module loaded C:\Windows\system32\OpenAL32.dll, address range [0x000b0000-0x000c8fff]</description>
  <severity>2</severity>
</msg>
<msg id="6" tool="mc">
  <type>2002</type>
  <arg>c:\Users\Ben\Desktop\oogeG\bin\ooge_D.exe</arg>
  <arg>0x00120000</arg>
  <arg>0x00350fff</arg>
  <description>Module loaded c:\Users\Ben\Desktop\oogeG\bin\ooge_D.exe, address range [0x00120000-0x00350fff]</description>
  <severity>2</severity>
</msg>
<msg id="7" tool="mc">
  <type>2012</type>
  <arg>C:\Windows\system32\XINPUT1_3.dll</arg>
  <arg>0x00400000</arg>
  <arg>0x00415fff</arg>
  <description>Module loaded C:\Windows\system32\XINPUT1_3.dll, address range [0x00400000-0x00415fff], minimal analysis</description>
  <severity>2</severity>
</msg>
<msg id="8" tool="mc">
  <type>2002</type>
  <arg>c:\Users\Ben\Desktop\oogeG\bin\GLFWDLL.dll</arg>
  <arg>0x10000000</arg>
  <arg>0x1000dfff</arg>
  <description>Module loaded c:\Users\Ben\Desktop\oogeG\bin\GLFWDLL.dll, address range [0x10000000-0x1000dfff]</description>
  <severity>2</severity>
</msg>
<msg id="9" tool="mc">
  <type>2012</type>
  <arg>C:\Windows\WinSxS\x86_microsoft.vc90.debugcrt_1fc8b3b9a1e18e3b_9.0.30729.4148_none_2a4cbfc25558bcd3\MSVCP90D.dll</arg>
  <arg>0x5a1c0000</arg>
  <arg>0x5a296fff</arg>
  <description>Module loaded C:\Windows\WinSxS\x86_microsoft.vc90.debugcrt_1fc8b3b9a1e18e3b_9.0.30729.4148_none_2a4cbfc25558bcd3\MSVCP90D.dll, address range [0x5a1c0000-0x5a296fff], minimal analysis</description>
  <severity>2</severity>
</msg>
<msg id="10" tool="mc">
  <type>2012</type>
  <arg>C:\Windows\WinSxS\x86_microsoft.vc90.debugcrt_1fc8b3b9a1e18e3b_9.0.30729.4148_none_2a4cbfc25558bcd3\MSVCR90D.dll</arg>
  <arg>0x5a2a0000</arg>
  <arg>0x5a3c3fff</arg>
  <description>Module loaded C:\Windows\WinSxS\x86_microsoft.vc90.debugcrt_1fc8b3b9a1e18e3b_9.0.30729.4148_none_2a4cbfc25558bcd3\MSVCR90D.dll, address range [0x5a2a0000-0x5a3c3fff], minimal analysis</description>
  <severity>2</severity>
</msg>
<msg id="11" tool="mc">
  <type>2002</type>
  <arg>c:\Users\Ben\Desktop\oogeG\bin\glew32d.dll</arg>
  <arg>0x62aa0000</arg>
  <arg>0x62af7fff</arg>
  <description>Module loaded c:\Users\Ben\Desktop\oogeG\bin\glew32d.dll, address range [0x62aa0000-0x62af7fff]</description>
  <severity>2</severity>
</msg>
<msg id="12" tool="mc">
  <type>2002</type>
  <arg>C:\Windows\AppPatch\AcLayers.DLL</arg>
  <arg>0x637e0000</arg>
  <arg>0x6386bfff</arg>
  <description>Module loaded C:\Windows\AppPatch\AcLayers.DLL, address range [0x637e0000-0x6386bfff]</description>
  <severity>2</severity>
</msg>
<msg id="13" tool="mc">
  <type>2012</type>
  <arg>C:\Windows\system32\OPENGL32.dll</arg>
  <arg>0x666d0000</arg>
  <arg>0x66797fff</arg>
  <description>Module loaded C:\Windows\system32\OPENGL32.dll, address range [0x666d0000-0x66797fff], minimal analysis</description>
  <severity>2</severity>
</msg>
<msg id="14" tool="mc">
  <type>2012</type>
  <arg>C:\Windows\system32\GLU32.dll</arg>
  <arg>0x69d00000</arg>
  <arg>0x69d21fff</arg>
  <description>Module loaded C:\Windows\system32\GLU32.dll, address range [0x69d00000-0x69d21fff], minimal analysis</description>
  <severity>2</severity>
</msg>
<msg id="15" tool="mc">
  <type>2012</type>
  <arg>C:\Windows\WinSxS\x86_microsoft.vc90.crt_1fc8b3b9a1e18e3b_9.0.30729.4926_none_508ed732bcbc0e5a\MSVCR90.dll</arg>
  <arg>0x6f180000</arg>
  <arg>0x6f222fff</arg>
  <description>Module loaded C:\Windows\WinSxS\x86_microsoft.vc90.crt_1fc8b3b9a1e18e3b_9.0.30729.4926_none_508ed732bcbc0e5a\MSVCR90.dll, address range [0x6f180000-0x6f222fff], minimal analysis</description>
  <severity>2</severity>
</msg>
<msg id="16" tool="mc">
  <type>2002</type>
  <arg>c:\Users\Ben\Desktop\oogeG\bin\libsndfile-1.dll</arg>
  <arg>0x70440000</arg>
  <arg>0x705f6fff</arg>
  <description>Module loaded c:\Users\Ben\Desktop\oogeG\bin\libsndfile-1.dll, address range [0x70440000-0x705f6fff]</description>
  <severity>2</severity>
</msg>
<msg id="17" tool="mc">
  <type>2012</type>
  <arg>C:\Windows\system32\DDRAW.dll</arg>
  <arg>0x70800000</arg>
  <arg>0x708e6fff</arg>
  <description>Module loaded C:\Windows\system32\DDRAW.dll, address range [0x70800000-0x708e6fff], minimal analysis</description>
  <severity>2</severity>
</msg>
<msg id="18" tool="mc">
  <type>2012</type>
  <arg>C:\Windows\system32\dwmapi.dll</arg>
  <arg>0x71ae0000</arg>
  <arg>0x71af2fff</arg>
  <description>Module loaded C:\Windows\system32\dwmapi.dll, address range [0x71ae0000-0x71af2fff], minimal analysis</description>
  <severity>2</severity>
</msg>
<msg id="19" tool="mc">
  <type>2012</type>
  <arg>C:\Windows\system32\WINSPOOL.DRV</arg>
  <arg>0x72a10000</arg>
  <arg>0x72a60fff</arg>
  <description>Module loaded C:\Windows\system32\WINSPOOL.DRV, address range [0x72a10000-0x72a60fff], minimal analysis</description>
  <severity>2</severity>
</msg>
<msg id="20" tool="mc">
  <type>2012</type>
  <arg>C:\Windows\system32\apphelp.dll</arg>
  <arg>0x72d70000</arg>
  <arg>0x72dbafff</arg>
  <description>Module loaded C:\Windows\system32\apphelp.dll, address range [0x72d70000-0x72dbafff], minimal analysis</description>
  <severity>2</severity>
</msg>
<msg id="21" tool="mc">
  <type>2012</type>
  <arg>C:\Windows\system32\MPR.dll</arg>
  <arg>0x72f10000</arg>
  <arg>0x72f21fff</arg>
  <description>Module loaded C:\Windows\system32\MPR.dll, address range [0x72f10000-0x72f21fff], minimal analysis</description>
  <severity>2</severity>
</msg>
<msg id="22" tool="mc">
  <type>2012</type>
  <arg>C:\Windows\system32\WINMM.dll</arg>
  <arg>0x73590000</arg>
  <arg>0x735c1fff</arg>
  <description>Module loaded C:\Windows\system32\WINMM.dll, address range [0x73590000-0x735c1fff], minimal analysis</description>
  <severity>2</severity>
</msg>
<msg id="23" tool="mc">
  <type>2012</type>
  <arg>C:\Windows\system32\profapi.dll</arg>
  <arg>0x73b10000</arg>
  <arg>0x73b1afff</arg>
  <description>Module loaded C:\Windows\system32\profapi.dll, address range [0x73b10000-0x73b1afff], minimal analysis</description>
  <severity>2</severity>
</msg>
<msg id="24" tool="mc">
  <type>2012</type>
  <arg>C:\Windows\system32\USERENV.dll</arg>
  <arg>0x73b20000</arg>
  <arg>0x73b36fff</arg>
  <description>Module loaded C:\Windows\system32\USERENV.dll, address range [0x73b20000-0x73b36fff], minimal analysis</description>
  <severity>2</severity>
</msg>
<msg id="25" tool="mc">
  <type>2012</type>
  <arg>C:\Windows\system32\DCIMAN32.dll</arg>
  <arg>0x73ca0000</arg>
  <arg>0x73ca5fff</arg>
  <description>Module loaded C:\Windows\system32\DCIMAN32.dll, address range [0x73ca0000-0x73ca5fff], minimal analysis</description>
  <severity>2</severity>
</msg>
<msg id="26" tool="mc">
  <type>2012</type>
  <arg>C:\Windows\syswow64\CRYPTBASE.dll</arg>
  <arg>0x751c0000</arg>
  <arg>0x751cbfff</arg>
  <description>Module loaded C:\Windows\syswow64\CRYPTBASE.dll, address range [0x751c0000-0x751cbfff], minimal analysis</description>
  <severity>2</severity>
</msg>
<msg id="27" tool="mc">
  <type>2012</type>
  <arg>C:\Windows\syswow64\SspiCli.dll</arg>
  <arg>0x751d0000</arg>
  <arg>0x7522ffff</arg>
  <description>Module loaded C:\Windows\syswow64\SspiCli.dll, address range [0x751d0000-0x7522ffff], minimal analysis</description>
  <severity>2</severity>
</msg>
<msg id="28" tool="mc">
  <type>2012</type>
  <arg>C:\Windows\syswow64\DEVOBJ.dll</arg>
  <arg>0x752a0000</arg>
  <arg>0x752b1fff</arg>
  <description>Module loaded C:\Windows\syswow64\DEVOBJ.dll, address range [0x752a0000-0x752b1fff], minimal analysis</description>
  <severity>2</severity>
</msg>
<msg id="29" tool="mc">
  <type>2012</type>
  <arg>C:\Windows\syswow64\SHLWAPI.dll</arg>
  <arg>0x752c0000</arg>
  <arg>0x75316fff</arg>
  <description>Module loaded C:\Windows\syswow64\SHLWAPI.dll, address range [0x752c0000-0x75316fff], minimal analysis</description>
  <severity>2</severity>
</msg>
<msg id="30" tool="mc">
  <type>2012</type>
  <arg>C:\Windows\system32\IMM32.DLL</arg>
  <arg>0x75330000</arg>
  <arg>0x7538ffff</arg>
  <description>Module loaded C:\Windows\system32\IMM32.DLL, address range [0x75330000-0x7538ffff], minimal analysis</description>
  <severity>2</severity>
</msg>
<msg id="31" tool="mc">
  <type>2002</type>
  <arg>C:\Windows\syswow64\kernel32.dll</arg>
  <arg>0x75410000</arg>
  <arg>0x7550ffff</arg>
  <description>Module loaded C:\Windows\syswow64\kernel32.dll, address range [0x75410000-0x7550ffff]</description>
  <severity>2</severity>
</msg>
<msg id="32" tool="mc">
  <type>2012</type>
  <arg>C:\Windows\syswow64\LPK.dll</arg>
  <arg>0x75540000</arg>
  <arg>0x75549fff</arg>
  <description>Module loaded C:\Windows\syswow64\LPK.dll, address range [0x75540000-0x75549fff], minimal analysis</description>
  <severity>2</severity>
</msg>
<msg id="33" tool="mc">
  <type>2012</type>
  <arg>C:\Windows\syswow64\SETUPAPI.dll</arg>
  <arg>0x75550000</arg>
  <arg>0x756ecfff</arg>
  <description>Module loaded C:\Windows\syswow64\SETUPAPI.dll, address range [0x75550000-0x756ecfff], minimal analysis</description>
  <severity>2</severity>
</msg>
<msg id="34" tool="mc">
  <type>2012</type>
  <arg>C:\Windows\syswow64\SHELL32.dll</arg>
  <arg>0x75730000</arg>
  <arg>0x76378fff</arg>
  <description>Module loaded C:\Windows\syswow64\SHELL32.dll, address range [0x75730000-0x76378fff], minimal analysis</description>
  <severity>2</severity>
</msg>
<msg id="35" tool="mc">
  <type>2012</type>
  <arg>C:\Windows\syswow64\MSCTF.dll</arg>
  <arg>0x76380000</arg>
  <arg>0x7644bfff</arg>
  <description>Module loaded C:\Windows\syswow64\MSCTF.dll, address range [0x76380000-0x7644bfff], minimal analysis</description>
  <severity>2</severity>
</msg>
<msg id="36" tool="mc">
  <type>2012</type>
  <arg>C:\Windows\syswow64\ole32.dll</arg>
  <arg>0x76450000</arg>
  <arg>0x765abfff</arg>
  <description>Module loaded C:\Windows\syswow64\ole32.dll, address range [0x76450000-0x765abfff], minimal analysis</description>
  <severity>2</severity>
</msg>
<msg id="37" tool="mc">
  <type>2012</type>
  <arg>C:\Windows\syswow64\OLEAUT32.dll</arg>
  <arg>0x76700000</arg>
  <arg>0x7678efff</arg>
  <description>Module loaded C:\Windows\syswow64\OLEAUT32.dll, address range [0x76700000-0x7678efff], minimal analysis</description>
  <severity>2</severity>
</msg>
<msg id="38" tool="mc">
  <type>2012</type>
  <arg>C:\Windows\syswow64\USP10.dll</arg>
  <arg>0x76790000</arg>
  <arg>0x7682cfff</arg>
  <description>Module loaded C:\Windows\syswow64\USP10.dll, address range [0x76790000-0x7682cfff], minimal analysis</description>
  <severity>2</severity>
</msg>
<msg id="39" tool="mc">
  <type>2002</type>
  <arg>C:\Windows\syswow64\GDI32.dll</arg>
  <arg>0x768c0000</arg>
  <arg>0x7694ffff</arg>
  <description>Module loaded C:\Windows\syswow64\GDI32.dll, address range [0x768c0000-0x7694ffff]</description>
  <severity>2</severity>
</msg>
<msg id="40" tool="mc">
  <type>2012</type>
  <arg>C:\Windows\syswow64\CFGMGR32.dll</arg>
  <arg>0x76950000</arg>
  <arg>0x76976fff</arg>
  <description>Module loaded C:\Windows\syswow64\CFGMGR32.dll, address range [0x76950000-0x76976fff], minimal analysis</description>
  <severity>2</severity>
</msg>
<msg id="41" tool="mc">
  <type>2012</type>
  <arg>C:\Windows\SysWOW64\sechost.dll</arg>
  <arg>0x76980000</arg>
  <arg>0x76998fff</arg>
  <description>Module loaded C:\Windows\SysWOW64\sechost.dll, address range [0x76980000-0x76998fff], minimal analysis</description>
  <severity>2</severity>
</msg>
<msg id="42" tool="mc">
  <type>2002</type>
  <arg>C:\Windows\syswow64\USER32.dll</arg>
  <arg>0x769a0000</arg>
  <arg>0x76a9ffff</arg>
  <description>Module loaded C:\Windows\syswow64\USER32.dll, address range [0x769a0000-0x76a9ffff]</description>
  <severity>2</severity>
</msg>
<msg id="43" tool="mc">
  <type>2012</type>
  <arg>C:\Windows\syswow64\RPCRT4.dll</arg>
  <arg>0x76be0000</arg>
  <arg>0x76ccffff</arg>
  <description>Module loaded C:\Windows\syswow64\RPCRT4.dll, address range [0x76be0000-0x76ccffff], minimal analysis</description>
  <severity>2</severity>
</msg>
<msg id="44" tool="mc">
  <type>2002</type>
  <arg>C:\Windows\syswow64\KERNELBASE.dll</arg>
  <arg>0x76cd0000</arg>
  <arg>0x76d15fff</arg>
  <description>Module loaded C:\Windows\syswow64\KERNELBASE.dll, address range [0x76cd0000-0x76d15fff]</description>
  <severity>2</severity>
</msg>
<msg id="45" tool="mc">
  <type>2002</type>
  <arg>C:\Windows\syswow64\ADVAPI32.dll</arg>
  <arg>0x76e80000</arg>
  <arg>0x76f1ffff</arg>
  <description>Module loaded C:\Windows\syswow64\ADVAPI32.dll, address range [0x76e80000-0x76f1ffff]</description>
  <severity>2</severity>
</msg>
<msg id="46" tool="mc">
  <type>2002</type>
  <arg>C:\Windows\syswow64\msvcrt.dll</arg>
  <arg>0x77120000</arg>
  <arg>0x771cbfff</arg>
  <description>Module loaded C:\Windows\syswow64\msvcrt.dll, address range [0x77120000-0x771cbfff]</description>
  <severity>2</severity>
</msg>
<msg id="47" tool="mc">
  <type>2002</type>
  <arg>C:\Windows\SysWOW64\ntdll.dll</arg>
  <arg>0x77660000</arg>
  <arg>0x777dffff</arg>
  <description>Module loaded C:\Windows\SysWOW64\ntdll.dll, address range [0x77660000-0x777dffff]</description>
  <severity>2</severity>
</msg>
<msg id="48" tool="mc">
  <type>2012</type>
  <arg>C:\Windows\system32\uxtheme.dll</arg>
  <arg>0x71b10000</arg>
  <arg>0x71b8ffff</arg>
  <description>Module loaded C:\Windows\system32\uxtheme.dll, address range [0x71b10000-0x71b8ffff], minimal analysis</description>
  <severity>2</severity>
</msg>
<msg id="49" tool="mc">
  <type>2012</type>
  <arg>C:\Windows\system32\imjp12.ime</arg>
  <arg>0x71900000</arg>
  <arg>0x719f7fff</arg>
  <description>Module loaded C:\Windows\system32\imjp12.ime, address range [0x71900000-0x719f7fff], minimal analysis</description>
  <severity>2</severity>
</msg>
<msg id="50" tool="mc">
  <type>2012</type>
  <arg>C:\Windows\system32\VERSION.dll</arg>
  <arg>0x72a00000</arg>
  <arg>0x72a08fff</arg>
  <description>Module loaded C:\Windows\system32\VERSION.dll, address range [0x72a00000-0x72a08fff], minimal analysis</description>
  <severity>2</severity>
</msg>
<msg id="51" tool="mc">
  <type>2012</type>
  <arg>C:\Windows\WinSxS\x86_microsoft.vc80.crt_1fc8b3b9a1e18e3b_8.0.50727.4927_none_d08a205e442db5b5\MSVCR80.dll</arg>
  <arg>0x73810000</arg>
  <arg>0x738aafff</arg>
  <description>Module loaded C:\Windows\WinSxS\x86_microsoft.vc80.crt_1fc8b3b9a1e18e3b_8.0.50727.4927_none_d08a205e442db5b5\MSVCR80.dll, address range [0x73810000-0x738aafff], minimal analysis</description>
  <severity>2</severity>
</msg>
<msg id="52" tool="mc">
  <type>2012</type>
  <arg>C:\Windows\WinSxS\x86_microsoft.vc80.crt_1fc8b3b9a1e18e3b_8.0.50727.4927_none_d08a205e442db5b5\MSVCP80.dll</arg>
  <arg>0x738b0000</arg>
  <arg>0x73936fff</arg>
  <description>Module loaded C:\Windows\WinSxS\x86_microsoft.vc80.crt_1fc8b3b9a1e18e3b_8.0.50727.4927_none_d08a205e442db5b5\MSVCP80.dll, address range [0x738b0000-0x73936fff], minimal analysis</description>
  <severity>2</severity>
</msg>
<msg id="53" tool="mc">
  <type>2012</type>
  <arg>C:\Windows\system32\imjp12k.dll</arg>
  <arg>0x71d50000</arg>
  <arg>0x71e79fff</arg>
  <description>Module loaded C:\Windows\system32\imjp12k.dll, address range [0x71d50000-0x71e79fff], minimal analysis</description>
  <severity>2</severity>
</msg>
<msg id="54" tool="mc">
  <type>2012</type>
  <arg>C:\Windows\system32\ole32.dll</arg>
  <arg>0x0a6b0000</arg>
  <arg>0x0a80bfff</arg>
  <description>Module loaded C:\Windows\system32\ole32.dll, address range [0x0a6b0000-0x0a80bfff], minimal analysis</description>
  <severity>2</severity>
</msg>
<msg id="55" tool="mc">
  <type>2003</type>
  <arg>C:\Windows\system32\ole32.dll</arg>
  <description>Module unloaded C:\Windows\system32\ole32.dll</description>
  <severity>2</severity>
</msg>
<msg id="56" tool="mc">
  <type>2002</type>
  <arg>C:\PROGRA~2\COMMON~1\MICROS~1\IME12\IMEJP\IMJPAPI.DLL</arg>
  <arg>0x71810000</arg>
  <arg>0x718fffff</arg>
  <description>Module loaded C:\PROGRA~2\COMMON~1\MICROS~1\IME12\IMEJP\IMJPAPI.DLL, address range [0x71810000-0x718fffff]</description>
  <severity>2</severity>
</msg>
<msg id="57" tool="mc">
  <type>2002</type>
  <arg>C:\PROGRA~2\COMMON~1\MICROS~1\IME12\SHARED\IMJKAPI.DLL</arg>
  <arg>0x71ab0000</arg>
  <arg>0x71adcfff</arg>
  <description>Module loaded C:\PROGRA~2\COMMON~1\MICROS~1\IME12\SHARED\IMJKAPI.DLL, address range [0x71ab0000-0x71adcfff]</description>
  <severity>2</severity>
</msg>
<msg id="58" tool="mc">
  <type>2002</type>
  <arg>C:\PROGRA~2\COMMON~1\MICROS~1\IME12\IMEJP\IMJPPRED.DLL</arg>
  <arg>0x71a60000</arg>
  <arg>0x71aaffff</arg>
  <description>Module loaded C:\PROGRA~2\COMMON~1\MICROS~1\IME12\IMEJP\IMJPPRED.DLL, address range [0x71a60000-0x71aaffff]</description>
  <severity>2</severity>
</msg>
<msg id="59" tool="mc">
  <type>2012</type>
  <arg>C:\Windows\system32\nvoglv32.DLL</arg>
  <arg>0x0ae50000</arg>
  <arg>0x0b917fff</arg>
  <description>Module loaded C:\Windows\system32\nvoglv32.DLL, address range [0x0ae50000-0x0b917fff], minimal analysis</description>
  <severity>2</severity>
</msg>
<msg id="60" tool="mc">
  <type>2012</type>
  <arg>C:\Windows\system32\ole32.dll</arg>
  <arg>0x11d10000</arg>
  <arg>0x11e6bfff</arg>
  <description>Module loaded C:\Windows\system32\ole32.dll, address range [0x11d10000-0x11e6bfff], minimal analysis</description>
  <severity>2</severity>
</msg>
<msg id="61" tool="mc">
  <type>2003</type>
  <arg>C:\Windows\system32\ole32.dll</arg>
  <description>Module unloaded C:\Windows\system32\ole32.dll</description>
  <severity>2</severity>
</msg>
<msg id="62" tool="mc">
  <type>2012</type>
  <arg>C:\Windows\syswow64\CLBCatQ.DLL</arg>
  <arg>0x771d0000</arg>
  <arg>0x77252fff</arg>
  <description>Module loaded C:\Windows\syswow64\CLBCatQ.DLL, address range [0x771d0000-0x77252fff], minimal analysis</description>
  <severity>2</severity>
</msg>
<msg id="63" tool="mc">
  <type>2002</type>
  <arg>C:\PROGRA~2\COMMON~1\MICROS~1\IME12\IMEJP\IMJPTIP.DLL</arg>
  <arg>0x10bf0000</arg>
  <arg>0x10d22fff</arg>
  <description>Module loaded C:\PROGRA~2\COMMON~1\MICROS~1\IME12\IMEJP\IMJPTIP.DLL, address range [0x10bf0000-0x10d22fff]</description>
  <severity>2</severity>
</msg>
<msg id="64" tool="mc">
  <type>2012</type>
  <arg>C:\Windows\WinSxS\x86_microsoft.windows.common-controls_6595b64144ccf1df_5.82.7600.16385_none_ebf82fc36c758ad5\COMCTL32.dll</arg>
  <arg>0x76830000</arg>
  <arg>0x768b3fff</arg>
  <description>Module loaded C:\Windows\WinSxS\x86_microsoft.windows.common-controls_6595b64144ccf1df_5.82.7600.16385_none_ebf82fc36c758ad5\COMCTL32.dll, address range [0x76830000-0x768b3fff], minimal analysis</description>
  <severity>2</severity>
</msg>
<msg id="65" tool="mc">
  <type>2012</type>
  <arg>C:\Windows\system32\OLEACC.dll</arg>
  <arg>0x70e00000</arg>
  <arg>0x70e3bfff</arg>
  <description>Module loaded C:\Windows\system32\OLEACC.dll, address range [0x70e00000-0x70e3bfff], minimal analysis</description>
  <severity>2</severity>
</msg>
<msg id="66" tool="mc">
  <type>2002</type>
  <arg>C:\PROGRA~2\COMMON~1\MICROS~1\IME12\SHARED\IMETIP.DLL</arg>
  <arg>0x11f80000</arg>
  <arg>0x12024fff</arg>
  <description>Module loaded C:\PROGRA~2\COMMON~1\MICROS~1\IME12\SHARED\IMETIP.DLL, address range [0x11f80000-0x12024fff]</description>
  <severity>2</severity>
</msg>
<msg id="67" tool="mc">
  <type>2012</type>
  <arg>C:\Windows\System32\msctf.dll</arg>
  <arg>0x12160000</arg>
  <arg>0x1222bfff</arg>
  <description>Module loaded C:\Windows\System32\msctf.dll, address range [0x12160000-0x1222bfff], minimal analysis</description>
  <severity>2</severity>
</msg>
<msg id="68" tool="mc">
  <type>2003</type>
  <arg>C:\Windows\System32\msctf.dll</arg>
  <description>Module unloaded C:\Windows\System32\msctf.dll</description>
  <severity>2</severity>
</msg>
<msg id="69" tool="mc">
  <type>2012</type>
  <arg>C:\Windows\system32\msctf.dll</arg>
  <arg>0x12200000</arg>
  <arg>0x122cbfff</arg>
  <description>Module loaded C:\Windows\system32\msctf.dll, address range [0x12200000-0x122cbfff], minimal analysis</description>
  <severity>2</severity>
</msg>
<msg id="70" tool="mc">
  <type>2003</type>
  <arg>C:\Windows\system32\msctf.dll</arg>
  <description>Module unloaded C:\Windows\system32\msctf.dll</description>
  <severity>2</severity>
</msg>
<msg id="71" tool="mc">
  <type>2002</type>
  <arg>C:\PROGRA~2\COMMON~1\MICROS~1\IME12\SHARED\IMECFM.DLL</arg>
  <arg>0x70400000</arg>
  <arg>0x70417fff</arg>
  <description>Module loaded C:\PROGRA~2\COMMON~1\MICROS~1\IME12\SHARED\IMECFM.DLL, address range [0x70400000-0x70417fff]</description>
  <severity>2</severity>
</msg>
<msg id="72" tool="mc">
  <type>2012</type>
  <arg>C:\Windows\system32\CRYPTSP.dll</arg>
  <arg>0x739a0000</arg>
  <arg>0x739b5fff</arg>
  <description>Module loaded C:\Windows\system32\CRYPTSP.dll, address range [0x739a0000-0x739b5fff], minimal analysis</description>
  <severity>2</severity>
</msg>
<msg id="73" tool="mc">
  <type>2012</type>
  <arg>C:\Windows\system32\rsaenh.dll</arg>
  <arg>0x73960000</arg>
  <arg>0x7399afff</arg>
  <description>Module loaded C:\Windows\system32\rsaenh.dll, address range [0x73960000-0x7399afff], minimal analysis</description>
  <severity>2</severity>
</msg>
<msg id="74" tool="mc">
  <type>2012</type>
  <arg>C:\Windows\system32\RpcRtRemote.dll</arg>
  <arg>0x73330000</arg>
  <arg>0x7333dfff</arg>
  <description>Module loaded C:\Windows\system32\RpcRtRemote.dll, address range [0x73330000-0x7333dfff], minimal analysis</description>
  <severity>2</severity>
</msg>
<msg id="75" tool="mc">
  <type>2002</type>
  <arg>C:\PROGRA~2\COMMON~1\MICROS~1\IME12\IMEJP\IMJPCMPS.DLL</arg>
  <arg>0x71670000</arg>
  <arg>0x71675fff</arg>
  <description>Module loaded C:\PROGRA~2\COMMON~1\MICROS~1\IME12\IMEJP\IMJPCMPS.DLL, address range [0x71670000-0x71675fff]</description>
  <severity>2</severity>
</msg>
<msg id="76" tool="mc">
  <type>2012</type>
  <arg>C:\Windows\system32\shell32.dll</arg>
  <arg>0x16d50000</arg>
  <arg>0x17998fff</arg>
  <description>Module loaded C:\Windows\system32\shell32.dll, address range [0x16d50000-0x17998fff], minimal analysis</description>
  <severity>2</severity>
</msg>
<msg id="77" tool="mc">
  <type>2003</type>
  <arg>C:\Windows\system32\shell32.dll</arg>
  <description>Module unloaded C:\Windows\system32\shell32.dll</description>
  <severity>2</severity>
</msg>
<msg id="78" tool="mc">
  <type>2003</type>
  <arg>C:\PROGRA~2\COMMON~1\MICROS~1\IME12\SHARED\IMECFM.DLL</arg>
  <description>Module unloaded C:\PROGRA~2\COMMON~1\MICROS~1\IME12\SHARED\IMECFM.DLL</description>
  <severity>2</severity>
</msg>
<msg id="79" tool="mc">
  <type>2003</type>
  <arg>C:\PROGRA~2\COMMON~1\MICROS~1\IME12\SHARED\IMETIP.DLL</arg>
  <description>Module unloaded C:\PROGRA~2\COMMON~1\MICROS~1\IME12\SHARED\IMETIP.DLL</description>
  <severity>2</severity>
</msg>
<msg id="80" tool="mc">
  <type>2003</type>
  <arg>C:\PROGRA~2\COMMON~1\MICROS~1\IME12\IMEJP\IMJPTIP.DLL</arg>
  <description>Module unloaded C:\PROGRA~2\COMMON~1\MICROS~1\IME12\IMEJP\IMJPTIP.DLL</description>
  <severity>2</severity>
</msg>
<msg id="81" tool="mc">
  <type>2003</type>
  <arg>C:\Windows\system32\OLEACC.dll</arg>
  <description>Module unloaded C:\Windows\system32\OLEACC.dll</description>
  <severity>2</severity>
</msg>
<msg id="82" tool="mc">
  <type>2003</type>
  <arg>C:\Windows\WinSxS\x86_microsoft.windows.common-controls_6595b64144ccf1df_5.82.7600.16385_none_ebf82fc36c758ad5\COMCTL32.dll</arg>
  <description>Module unloaded C:\Windows\WinSxS\x86_microsoft.windows.common-controls_6595b64144ccf1df_5.82.7600.16385_none_ebf82fc36c758ad5\COMCTL32.dll</description>
  <severity>2</severity>
</msg>
<msg id="83" tool="mc">
  <type>2003</type>
  <arg>C:\PROGRA~2\COMMON~1\MICROS~1\IME12\IMEJP\IMJPCMPS.DLL</arg>
  <description>Module unloaded C:\PROGRA~2\COMMON~1\MICROS~1\IME12\IMEJP\IMJPCMPS.DLL</description>
  <severity>2</severity>
</msg>
<msg id="84" tool="mc">
  <type>2008</type>
  <arg>c:\Users\Ben\Desktop\oogeG\bin\ooge_D.exe</arg>
  <arg>0</arg>
  <description>Process c:\Users\Ben\Desktop\oogeG\bin\ooge_D.exe exited with code 0. Leak analysis starting - this may take a while.</description>
  <severity>2</severity>
</msg>
<msg id="85" tool="mc">
  <type>2003</type>
  <arg>C:\Windows\system32\OpenAL32.dll</arg>
  <description>Module unloaded C:\Windows\system32\OpenAL32.dll</description>
  <severity>2</severity>
</msg>
<msg id="86" tool="mc">
  <type>2003</type>
  <arg>c:\Users\Ben\Desktop\oogeG\bin\ooge_D.exe</arg>
  <description>Module unloaded c:\Users\Ben\Desktop\oogeG\bin\ooge_D.exe</description>
  <severity>2</severity>
</msg>
<msg id="87" tool="mc">
  <type>2003</type>
  <arg>C:\Windows\system32\XINPUT1_3.dll</arg>
  <description>Module unloaded C:\Windows\system32\XINPUT1_3.dll</description>
  <severity>2</severity>
</msg>
<msg id="88" tool="mc">
  <type>2003</type>
  <arg>c:\Users\Ben\Desktop\oogeG\bin\GLFWDLL.dll</arg>
  <description>Module unloaded c:\Users\Ben\Desktop\oogeG\bin\GLFWDLL.dll</description>
  <severity>2</severity>
</msg>
<msg id="89" tool="mc">
  <type>2003</type>
  <arg>C:\Windows\WinSxS\x86_microsoft.vc90.debugcrt_1fc8b3b9a1e18e3b_9.0.30729.4148_none_2a4cbfc25558bcd3\MSVCP90D.dll</arg>
  <description>Module unloaded C:\Windows\WinSxS\x86_microsoft.vc90.debugcrt_1fc8b3b9a1e18e3b_9.0.30729.4148_none_2a4cbfc25558bcd3\MSVCP90D.dll</description>
  <severity>2</severity>
</msg>
<msg id="90" tool="mc">
  <type>2003</type>
  <arg>C:\Windows\WinSxS\x86_microsoft.vc90.debugcrt_1fc8b3b9a1e18e3b_9.0.30729.4148_none_2a4cbfc25558bcd3\MSVCR90D.dll</arg>
  <description>Module unloaded C:\Windows\WinSxS\x86_microsoft.vc90.debugcrt_1fc8b3b9a1e18e3b_9.0.30729.4148_none_2a4cbfc25558bcd3\MSVCR90D.dll</description>
  <severity>2</severity>
</msg>
<msg id="91" tool="mc">
  <type>2003</type>
  <arg>c:\Users\Ben\Desktop\oogeG\bin\glew32d.dll</arg>
  <description>Module unloaded c:\Users\Ben\Desktop\oogeG\bin\glew32d.dll</description>
  <severity>2</severity>
</msg>
<msg id="92" tool="mc">
  <type>2003</type>
  <arg>C:\Windows\AppPatch\AcLayers.DLL</arg>
  <description>Module unloaded C:\Windows\AppPatch\AcLayers.DLL</description>
  <severity>2</severity>
</msg>
<msg id="93" tool="mc">
  <type>2003</type>
  <arg>C:\Windows\system32\OPENGL32.dll</arg>
  <description>Module unloaded C:\Windows\system32\OPENGL32.dll</description>
  <severity>2</severity>
</msg>
<msg id="94" tool="mc">
  <type>2003</type>
  <arg>C:\Windows\system32\GLU32.dll</arg>
  <description>Module unloaded C:\Windows\system32\GLU32.dll</description>
  <severity>2</severity>
</msg>
<msg id="95" tool="mc">
  <type>2003</type>
  <arg>C:\Windows\WinSxS\x86_microsoft.vc90.crt_1fc8b3b9a1e18e3b_9.0.30729.4926_none_508ed732bcbc0e5a\MSVCR90.dll</arg>
  <description>Module unloaded C:\Windows\WinSxS\x86_microsoft.vc90.crt_1fc8b3b9a1e18e3b_9.0.30729.4926_none_508ed732bcbc0e5a\MSVCR90.dll</description>
  <severity>2</severity>
</msg>
<msg id="96" tool="mc">
  <type>2003</type>
  <arg>c:\Users\Ben\Desktop\oogeG\bin\libsndfile-1.dll</arg>
  <description>Module unloaded c:\Users\Ben\Desktop\oogeG\bin\libsndfile-1.dll</description>
  <severity>2</severity>
</msg>
<msg id="97" tool="mc">
  <type>2003</type>
  <arg>C:\Windows\system32\DDRAW.dll</arg>
  <description>Module unloaded C:\Windows\system32\DDRAW.dll</description>
  <severity>2</severity>
</msg>
<msg id="98" tool="mc">
  <type>2003</type>
  <arg>C:\Windows\system32\dwmapi.dll</arg>
  <description>Module unloaded C:\Windows\system32\dwmapi.dll</description>
  <severity>2</severity>
</msg>
<msg id="99" tool="mc">
  <type>2003</type>
  <arg>C:\Windows\system32\WINSPOOL.DRV</arg>
  <description>Module unloaded C:\Windows\system32\WINSPOOL.DRV</description>
  <severity>2</severity>
</msg>
<msg id="100" tool="mc">
  <type>2003</type>
  <arg>C:\Windows\system32\apphelp.dll</arg>
  <description>Module unloaded C:\Windows\system32\apphelp.dll</description>
  <severity>2</severity>
</msg>
<msg id="101" tool="mc">
  <type>2003</type>
  <arg>C:\Windows\system32\MPR.dll</arg>
  <description>Module unloaded C:\Windows\system32\MPR.dll</description>
  <severity>2</severity>
</msg>
<msg id="102" tool="mc">
  <type>2003</type>
  <arg>C:\Windows\system32\WINMM.dll</arg>
  <description>Module unloaded C:\Windows\system32\WINMM.dll</description>
  <severity>2</severity>
</msg>
<msg id="103" tool="mc">
  <type>2003</type>
  <arg>C:\Windows\system32\profapi.dll</arg>
  <description>Module unloaded C:\Windows\system32\profapi.dll</description>
  <severity>2</severity>
</msg>
<msg id="104" tool="mc">
  <type>2003</type>
  <arg>C:\Windows\system32\USERENV.dll</arg>
  <description>Module unloaded C:\Windows\system32\USERENV.dll</description>
  <severity>2</severity>
</msg>
<msg id="105" tool="mc">
  <type>2003</type>
  <arg>C:\Windows\system32\DCIMAN32.dll</arg>
  <description>Module unloaded C:\Windows\system32\DCIMAN32.dll</description>
  <severity>2</severity>
</msg>
<msg id="106" tool="mc">
  <type>2003</type>
  <arg>C:\Windows\syswow64\CRYPTBASE.dll</arg>
  <description>Module unloaded C:\Windows\syswow64\CRYPTBASE.dll</description>
  <severity>2</severity>
</msg>
<msg id="107" tool="mc">
  <type>2003</type>
  <arg>C:\Windows\syswow64\SspiCli.dll</arg>
  <description>Module unloaded C:\Windows\syswow64\SspiCli.dll</description>
  <severity>2</severity>
</msg>
<msg id="108" tool="mc">
  <type>2003</type>
  <arg>C:\Windows\syswow64\DEVOBJ.dll</arg>
  <description>Module unloaded C:\Windows\syswow64\DEVOBJ.dll</description>
  <severity>2</severity>
</msg>
<msg id="109" tool="mc">
  <type>2003</type>
  <arg>C:\Windows\syswow64\SHLWAPI.dll</arg>
  <description>Module unloaded C:\Windows\syswow64\SHLWAPI.dll</description>
  <severity>2</severity>
</msg>
<msg id="110" tool="mc">
  <type>2003</type>
  <arg>C:\Windows\system32\IMM32.DLL</arg>
  <description>Module unloaded C:\Windows\system32\IMM32.DLL</description>
  <severity>2</severity>
</msg>
<msg id="111" tool="mc">
  <type>2003</type>
  <arg>C:\Windows\syswow64\kernel32.dll</arg>
  <description>Module unloaded C:\Windows\syswow64\kernel32.dll</description>
  <severity>2</severity>
</msg>
<msg id="112" tool="mc">
  <type>2003</type>
  <arg>C:\Windows\syswow64\LPK.dll</arg>
  <description>Module unloaded C:\Windows\syswow64\LPK.dll</description>
  <severity>2</severity>
</msg>
<msg id="113" tool="mc">
  <type>2003</type>
  <arg>C:\Windows\syswow64\SETUPAPI.dll</arg>
  <description>Module unloaded C:\Windows\syswow64\SETUPAPI.dll</description>
  <severity>2</severity>
</msg>
<msg id="114" tool="mc">
  <type>2003</type>
  <arg>C:\Windows\syswow64\SHELL32.dll</arg>
  <description>Module unloaded C:\Windows\syswow64\SHELL32.dll</description>
  <severity>2</severity>
</msg>
<msg id="115" tool="mc">
  <type>2003</type>
  <arg>C:\Windows\syswow64\MSCTF.dll</arg>
  <description>Module unloaded C:\Windows\syswow64\MSCTF.dll</description>
  <severity>2</severity>
</msg>
<msg id="116" tool="mc">
  <type>2003</type>
  <arg>C:\Windows\syswow64\ole32.dll</arg>
  <description>Module unloaded C:\Windows\syswow64\ole32.dll</description>
  <severity>2</severity>
</msg>
<msg id="117" tool="mc">
  <type>2003</type>
  <arg>C:\Windows\syswow64\OLEAUT32.dll</arg>
  <description>Module unloaded C:\Windows\syswow64\OLEAUT32.dll</description>
  <severity>2</severity>
</msg>
<msg id="118" tool="mc">
  <type>2003</type>
  <arg>C:\Windows\syswow64\USP10.dll</arg>
  <description>Module unloaded C:\Windows\syswow64\USP10.dll</description>
  <severity>2</severity>
</msg>
<msg id="119" tool="mc">
  <type>2003</type>
  <arg>C:\Windows\syswow64\GDI32.dll</arg>
  <description>Module unloaded C:\Windows\syswow64\GDI32.dll</description>
  <severity>2</severity>
</msg>
<msg id="120" tool="mc">
  <type>2003</type>
  <arg>C:\Windows\syswow64\CFGMGR32.dll</arg>
  <description>Module unloaded C:\Windows\syswow64\CFGMGR32.dll</description>
  <severity>2</severity>
</msg>
<msg id="121" tool="mc">
  <type>2003</type>
  <arg>C:\Windows\SysWOW64\sechost.dll</arg>
  <description>Module unloaded C:\Windows\SysWOW64\sechost.dll</description>
  <severity>2</severity>
</msg>
<msg id="122" tool="mc">
  <type>2003</type>
  <arg>C:\Windows\syswow64\USER32.dll</arg>
  <description>Module unloaded C:\Windows\syswow64\USER32.dll</description>
  <severity>2</severity>
</msg>
<msg id="123" tool="mc">
  <type>2003</type>
  <arg>C:\Windows\syswow64\RPCRT4.dll</arg>
  <description>Module unloaded C:\Windows\syswow64\RPCRT4.dll</description>
  <severity>2</severity>
</msg>
<msg id="124" tool="mc">
  <type>2003</type>
  <arg>C:\Windows\syswow64\KERNELBASE.dll</arg>
  <description>Module unloaded C:\Windows\syswow64\KERNELBASE.dll</description>
  <severity>2</severity>
</msg>
<msg id="125" tool="mc">
  <type>2003</type>
  <arg>C:\Windows\syswow64\ADVAPI32.dll</arg>
  <description>Module unloaded C:\Windows\syswow64\ADVAPI32.dll</description>
  <severity>2</severity>
</msg>
<msg id="126" tool="mc">
  <type>2003</type>
  <arg>C:\Windows\syswow64\msvcrt.dll</arg>
  <description>Module unloaded C:\Windows\syswow64\msvcrt.dll</description>
  <severity>2</severity>
</msg>
<msg id="127" tool="mc">
  <type>2003</type>
  <arg>C:\Windows\SysWOW64\ntdll.dll</arg>
  <description>Module unloaded C:\Windows\SysWOW64\ntdll.dll</description>
  <severity>2</severity>
</msg>
<msg id="128" tool="mc">
  <type>2003</type>
  <arg>C:\Windows\system32\uxtheme.dll</arg>
  <description>Module unloaded C:\Windows\system32\uxtheme.dll</description>
  <severity>2</severity>
</msg>
<msg id="129" tool="mc">
  <type>2003</type>
  <arg>C:\Windows\system32\imjp12.ime</arg>
  <description>Module unloaded C:\Windows\system32\imjp12.ime</description>
  <severity>2</severity>
</msg>
<msg id="130" tool="mc">
  <type>2003</type>
  <arg>C:\Windows\system32\VERSION.dll</arg>
  <description>Module unloaded C:\Windows\system32\VERSION.dll</description>
  <severity>2</severity>
</msg>
<msg id="131" tool="mc">
  <type>2003</type>
  <arg>C:\Windows\WinSxS\x86_microsoft.vc80.crt_1fc8b3b9a1e18e3b_8.0.50727.4927_none_d08a205e442db5b5\MSVCR80.dll</arg>
  <description>Module unloaded C:\Windows\WinSxS\x86_microsoft.vc80.crt_1fc8b3b9a1e18e3b_8.0.50727.4927_none_d08a205e442db5b5\MSVCR80.dll</description>
  <severity>2</severity>
</msg>
<msg id="132" tool="mc">
  <type>2003</type>
  <arg>C:\Windows\WinSxS\x86_microsoft.vc80.crt_1fc8b3b9a1e18e3b_8.0.50727.4927_none_d08a205e442db5b5\MSVCP80.dll</arg>
  <description>Module unloaded C:\Windows\WinSxS\x86_microsoft.vc80.crt_1fc8b3b9a1e18e3b_8.0.50727.4927_none_d08a205e442db5b5\MSVCP80.dll</description>
  <severity>2</severity>
</msg>
<msg id="133" tool="mc">
  <type>2003</type>
  <arg>C:\Windows\system32\imjp12k.dll</arg>
  <description>Module unloaded C:\Windows\system32\imjp12k.dll</description>
  <severity>2</severity>
</msg>
<msg id="134" tool="mc">
  <type>2003</type>
  <arg>C:\PROGRA~2\COMMON~1\MICROS~1\IME12\IMEJP\IMJPAPI.DLL</arg>
  <description>Module unloaded C:\PROGRA~2\COMMON~1\MICROS~1\IME12\IMEJP\IMJPAPI.DLL</description>
  <severity>2</severity>
</msg>
<msg id="135" tool="mc">
  <type>2003</type>
  <arg>C:\PROGRA~2\COMMON~1\MICROS~1\IME12\SHARED\IMJKAPI.DLL</arg>
  <description>Module unloaded C:\PROGRA~2\COMMON~1\MICROS~1\IME12\SHARED\IMJKAPI.DLL</description>
  <severity>2</severity>
</msg>
<msg id="136" tool="mc">
  <type>2003</type>
  <arg>C:\PROGRA~2\COMMON~1\MICROS~1\IME12\IMEJP\IMJPPRED.DLL</arg>
  <description>Module unloaded C:\PROGRA~2\COMMON~1\MICROS~1\IME12\IMEJP\IMJPPRED.DLL</description>
  <severity>2</severity>
</msg>
<msg id="137" tool="mc">
  <type>2003</type>
  <arg>C:\Windows\system32\nvoglv32.DLL</arg>
  <description>Module unloaded C:\Windows\system32\nvoglv32.DLL</description>
  <severity>2</severity>
</msg>
<msg id="138" tool="mc">
  <type>2003</type>
  <arg>C:\Windows\syswow64\CLBCatQ.DLL</arg>
  <description>Module unloaded C:\Windows\syswow64\CLBCatQ.DLL</description>
  <severity>2</severity>
</msg>
<msg id="139" tool="mc">
  <type>2003</type>
  <arg>C:\Windows\system32\CRYPTSP.dll</arg>
  <description>Module unloaded C:\Windows\system32\CRYPTSP.dll</description>
  <severity>2</severity>
</msg>
<msg id="140" tool="mc">
  <type>2003</type>
  <arg>C:\Windows\system32\rsaenh.dll</arg>
  <description>Module unloaded C:\Windows\system32\rsaenh.dll</description>
  <severity>2</severity>
</msg>
<msg id="141" tool="mc">
  <type>2003</type>
  <arg>C:\Windows\system32\RpcRtRemote.dll</arg>
  <description>Module unloaded C:\Windows\system32\RpcRtRemote.dll</description>
  <severity>2</severity>
</msg>
<msg id="142" tool="mc">
  <type>2009</type>
  <arg>c:\Users\Ben\Desktop\oogeG\bin\ooge_D.exe</arg>
  <description>Analysis completed for c:\Users\Ben\Desktop\oogeG\bin\ooge_D.exe</description>
  <severity>2</severity>
</msg>
<msg id="143" tool="runtool">
  <type>marker-file</type>
  <arg>C:\Users\Ben\Desktop\oogeG\ooge\My Inspector Results\r002mi3\r002mi3.insp</arg>
</msg>
<msg id="144" tool="runtool">
  <type>mc-done</type>
</msg>
<msg id="145" tool="runtool">
  <type>log-end</type>
  <arg>2010/04/10 21:01:43</arg>
</msg>

</log>

